<?xml version="1.0" encoding="UTF-8"?>
<!-- Generated by org.testng.reporters.JUnitReportReporter -->
<testsuite hostname="MUM-102023-0671" failures="0" tests="2" name="com.api.demo.test.DemoTest" time="4.854" errors="0" timestamp="2024-01-30T12:04:27 IST" skipped="0">
  <testcase classname="com.api.demo.test.DemoTest" name="postRequest" time="3.961"/>
  <system-out/>
  <testcase classname="com.api.demo.test.DemoTest" name="getRequest" time="0.893"/>
  <system-out/>
</testsuite> <!-- com.api.demo.test.DemoTest -->
