<?xml version="1.0" encoding="UTF-8"?>
<!-- Generated by org.testng.reporters.JUnitReportReporter -->
<testsuite hostname="MUM-082023-0496" failures="0" tests="1" name="com.api.automation.ewb.test.GenerateEwayBill" time="8.492" errors="0" timestamp="2024-04-24T17:24:26 IST" skipped="0">
  <testcase classname="com.api.automation.ewb.test.GenerateEwayBill" name="generateEwayBill" time="8.492"/>
</testsuite> <!-- com.api.automation.ewb.test.GenerateEwayBill -->
