<?xml version="1.0" encoding="UTF-8"?>
<!-- Generated by org.testng.reporters.JUnitReportReporter -->
<testsuite hostname="MUM-082023-0496" failures="0" tests="1" name="com.api.demo.test.DemoTest1" time="3.750" errors="0" timestamp="2024-06-11T12:06:58 IST" skipped="0">
  <testcase classname="com.api.demo.test.DemoTest1" name="getResponseTime" time="3.750"/>
</testsuite> <!-- com.api.demo.test.DemoTest1 -->
