<?xml version="1.0" encoding="UTF-8"?>
<!-- Generated by org.testng.reporters.JUnitReportReporter -->
<testsuite hostname="MUM-102023-0671" failures="0" tests="1" name="com.web.automation.group.admin.DeleteRecords" time="79.412" errors="0" timestamp="2024-01-16T14:31:50 IST" skipped="0">
  <testcase classname="com.web.automation.group.admin.DeleteRecords" name="deleteAllRecords" time="79.412"/>
  <system-out/>
</testsuite> <!-- com.web.automation.group.admin.DeleteRecords -->
