<?xml version="1.0" encoding="UTF-8"?>
<!-- Generated by org.testng.reporters.JUnitReportReporter -->
<testsuite hostname="MUM-102023-0671" failures="0" tests="1" name="com.web.automation.group.admin.BooksOfAccountsTDS" time="65.769" errors="0" timestamp="2024-01-23T15:30:31 IST" skipped="0">
  <testcase classname="com.web.automation.group.admin.BooksOfAccountsTDS" name="verifyRunDeterminationForTDS" time="65.769"/>
  <system-out/>
</testsuite> <!-- com.web.automation.group.admin.BooksOfAccountsTDS -->
