<?xml version="1.0" encoding="UTF-8"?>
<!-- Generated by org.testng.reporters.JUnitReportReporter -->
<testsuite hostname="MUM-082023-0496" failures="0" tests="1" name="com.api.automation.ewb.test.AuthenticationTest" time="10.078" errors="0" timestamp="2024-05-30T18:41:03 IST" skipped="0">
  <testcase classname="com.api.automation.ewb.test.AuthenticationTest" name="getAuthToken" time="10.078"/>
</testsuite> <!-- com.api.automation.ewb.test.AuthenticationTest -->
