<?xml version="1.0" encoding="UTF-8"?>
<!-- Generated by org.testng.reporters.JUnitReportReporter -->
<testsuite hostname="MUM-102023-0671" failures="0" tests="1" name="com.web.automation.group.admin.ConfigurationSettingsLDCMaster" time="95.054" errors="0" timestamp="2024-01-23T15:46:45 IST" skipped="0">
  <testcase classname="com.web.automation.group.admin.ConfigurationSettingsLDCMaster" name="addNewLdsInformation" time="95.054"/>
  <system-out/>
</testsuite> <!-- com.web.automation.group.admin.ConfigurationSettingsLDCMaster -->
