<?xml version="1.0" encoding="UTF-8"?>
<!-- Generated by org.testng.reporters.JUnitReportReporter -->
<testsuite hostname="MUM-082023-0496" failures="0" tests="1" name="com.api.automation.ewb.test.EwayBillupdateTransporterTest" time="5.394" errors="0" timestamp="2024-06-07T10:36:49 IST" skipped="0">
  <testcase classname="com.api.automation.ewb.test.EwayBillupdateTransporterTest" name="updateTransporter" time="5.394"/>
</testsuite> <!-- com.api.automation.ewb.test.EwayBillupdateTransporterTest -->
