<?xml version="1.0" encoding="UTF-8"?>
<!-- Generated by org.testng.reporters.JUnitReportReporter -->
<testsuite hostname="MUM-102023-0671" failures="0" tests="1" name="com.web.automation.app.admin.CompanySettingsTest" time="129.974" errors="0" timestamp="2024-01-18T15:42:21 IST" skipped="0">
  <testcase classname="com.web.automation.app.admin.CompanySettingsTest" name="verificationOfAddNewGroup" time="129.974"/>
  <system-out/>
</testsuite> <!-- com.web.automation.app.admin.CompanySettingsTest -->
